<?xml version="1.0" encoding="UTF-8"?>
<testng-results skipped="0" failed="0" ignored="0" total="1" passed="1">
  <reporter-output>
  </reporter-output>
  <suite name="TestSuite" duration-ms="9021" started-at="2019-09-01T09:04:54Z" finished-at="2019-09-01T09:05:03Z">
    <groups>
    </groups>
    <test name="Test" duration-ms="9021" started-at="2019-09-01T09:04:54Z" finished-at="2019-09-01T09:05:03Z">
      <class name="org.test.discoveryautomation.MyVideo">
        <test-method status="PASS" signature="Video()[pri:0, instance:org.test.discoveryautomation.MyVideo@31610302]" name="Video" duration-ms="9002" started-at="2019-09-01T09:04:54Z" finished-at="2019-09-01T09:05:03Z">
          <reporter-output>
          </reporter-output>
        </test-method> <!-- Video -->
      </class> <!-- org.test.discoveryautomation.MyVideo -->
    </test> <!-- Test -->
  </suite> <!-- TestSuite -->
</testng-results>
