<?xml version="1.0" encoding="UTF-8"?>
<testng-results skipped="0" failed="0" ignored="0" total="1" passed="1">
  <reporter-output>
  </reporter-output>
  <suite name="TestSuite" duration-ms="39145" started-at="2019-07-14T08:00:08Z" finished-at="2019-07-14T08:00:47Z">
    <groups>
    </groups>
    <test name="Test" duration-ms="39145" started-at="2019-07-14T08:00:08Z" finished-at="2019-07-14T08:00:47Z">
      <class name="org.test.discoveryautomation.MyVideo">
        <test-method status="PASS" signature="Video()[pri:0, instance:org.test.discoveryautomation.MyVideo@3c0f93f1]" name="Video" duration-ms="39111" started-at="2019-07-14T08:00:08Z" finished-at="2019-07-14T08:00:47Z">
          <reporter-output>
          </reporter-output>
        </test-method> <!-- Video -->
      </class> <!-- org.test.discoveryautomation.MyVideo -->
    </test> <!-- Test -->
  </suite> <!-- TestSuite -->
</testng-results>
